
           ####    G N O M   ---   Version 4.5a revised 09/02/02     ####

                                                  02/21/14 16:16:21       
           ===    Run No   1   ===
 Run title:  0.000377998 0 0


  Number of points omitted at the end:         345
 Standard deviations are estimated by polynomial smoothing

   *******   Working Directory :
   *******    Input file(s) : p85_10C_01C_S013_0_01.sub
           Condition P(rmin) = 0 is used. 
           Condition P(rmax) = 0 is used. 

          Experimental conditions for the first run
          -----------------------------------------

          Highest ALPHA is found to be   0.9276E+03

  The measure of inconsistency AN1 equals to    0.8543E+00
     Alpha    Discrp  Oscill  Stabil  Sysdev  Positv  Valcen    Total   
  0.9276E+06 73.0881  1.5145  0.9776  0.0000  1.0000  0.7783  0.00001
  0.1855E+06 69.5245  1.5098  0.9310  0.0000  1.0000  0.7793  0.00001
  0.3711E+05 56.1617  1.4883  0.7574  0.0000  1.0000  0.7836  0.00001
  0.7421E+04 30.1453  1.4215  0.4275  0.1198  1.0000  0.7984  0.00001
  0.1484E+04 10.7020  1.3427  0.1731  0.0829  1.0000  0.8211  0.00001
  0.2968E+03  3.0900  1.3284  0.0472  0.4700  1.0000  0.8341  0.00001
  0.5937E+02  1.1104  1.3457  0.0125  0.6083  1.0000  0.8386  0.53764
  0.1187E+02  0.7987  1.3588  0.0051  0.7558  1.0000  0.8399  0.55305
  0.2375E+01  0.7543  1.3707  0.0062  0.7558  1.0000  0.8402  0.49689
  0.4750E+00  0.7376  1.3959  0.0071  0.8295  1.0000  0.8402  0.10000
  0.9499E-01  0.7319  1.4364  0.0093  0.8664  1.0000  0.8404  0.10000
  0.1900E-01  0.7297  1.5174  0.0116  0.8664  1.0000  0.8410  0.10000
  0.3800E-02  0.7291  1.6056  0.0109  0.8479  1.0000  0.8416  0.10000
  0.7599E-03  0.7290  1.7129  0.0186  0.8479  1.0000  0.8426  0.10000
  0.1520E-03  0.7289  2.0012  0.0360  0.8479  0.9999  0.8434  0.10000
  0.3040E-04  0.7287  4.0411  0.1488  0.8479  0.9986  0.8374  0.10000
  0.6079E-05  0.7282 12.8879  0.5975  0.8479  0.9558  0.7118  0.10000
  0.1216E-05  0.7259 19.2725  0.8904  0.8479  0.8181  0.3032  0.10000
  0.2432E-06  0.7193 19.6831  0.6745  0.8479  0.7432  0.2794  0.10000
  0.4863E-07  0.7122 20.4927  0.3870  0.8571  0.7271  0.2779  0.10000
  0.9727E-08  0.7068 23.7738  0.7639  0.8203  0.7493  0.2905  0.10000
  0.1945E-08  0.6902 25.3480  0.8429  0.8203  0.7562  0.4026  0.10000
  0.3891E-09  0.6400 27.9763  0.6661  0.8387  0.7734  0.4542  0.10000
  0.7782E-10  0.5453 33.1030  0.5093  0.8018  0.7843  0.4959  0.10000
  0.1556E-10  0.4190 39.9391  0.4608  0.7834  0.7448  0.4600  0.10000
  0.3113E-11  0.2692 46.8444  0.4045  0.7834  0.7225  0.3386  0.10000
  0.6225E-12  0.1206 51.7620  0.2589  0.6912  0.7336  0.3325  0.10000
  0.1245E-12  0.0337 53.6310  0.0836  0.6912  0.7380  0.3619  0.10000
  0.2490E-13  0.0074 54.0863  0.0189  0.7097  0.7386  0.3666  0.10000
  0.4980E-14  0.0015 54.1817  0.0039  0.7097  0.7387  0.3674  0.10000
  0.9960E-15  0.0003 54.2010  0.0008  0.7097  0.7387  0.3675  0.10000

          ***  Golden section search to maximize estimate ***
     Alpha    Discrp  Oscill  Stabil  Sysdev  Positv  Valcen    Total   
  0.3211E+02  0.9112  1.3515  0.0079  0.7558  1.0000  0.8393  0.57757
  0.4060E+02  0.9689  1.3494  0.0094  0.7373  1.0000  0.8391  0.57122
  0.2777E+02  0.8838  1.3527  0.0072  0.7558  1.0000  0.8394  0.57475
  0.3512E+02  0.9311  1.3508  0.0084  0.7926  1.0000  0.8392  0.60357
  0.3712E+02  0.9447  1.3503  0.0088  0.7373  1.0000  0.8392  0.57008
  0.3394E+02  0.9232  1.3511  0.0082  0.7742  1.0000  0.8393  0.59000
  0.3587E+02  0.9361  1.3506  0.0085  0.7742  1.0000  0.8392  0.59090
  0.3466E+02  0.9280  1.3509  0.0083  0.7926  1.0000  0.8392  0.60336
  0.3540E+02  0.9330  1.3507  0.0085  0.7926  1.0000  0.8392  0.60370
  0.3558E+02  0.9342  1.3506  0.0085  0.7742  1.0000  0.8392  0.59077
  0.3529E+02  0.9323  1.3507  0.0085  0.7926  1.0000  0.8392  0.60365
  0.3540E+02  0.9330  1.3507  0.0085  0.7926  1.0000  0.8392  0.60370



             ####            Final results            ####

 Parameter    DISCRP    OSCILL    STABIL    SYSDEV    POSITV    VALCEN
 Weight        1.000     3.000     3.000     4.000     1.000     1.000
 Sigma         0.500     0.600     0.120     0.200     0.120     0.120
 Ideal         1.000     1.100     0.000     1.000     1.000     0.950
 Current       0.933     1.351     0.008     0.793     1.000     0.839
                - - - - - - - - - - - - - - - - - - - - - - - - - 
 Estimate      0.982     0.840     0.995     0.341     1.000     0.427

  Angular   range    :     from    0.0106   to    0.2114
  Real space range   :     from      0.00   to    199.10

  Highest ALPHA (theor) :   0.928E+06                 JOB = 0
  Current ALPHA         :   0.354E+02   Rg :  0.592E+02   I(0) :   0.186E+04

           Total  estimate : 0.604  which is  A REASONABLE  solution

      S          J EXP       ERROR       J REG       I REG

  0.0000E+00                                      0.1857E+04
  0.9599E-03                                      0.1855E+04
  0.1920E-02                                      0.1849E+04
  0.2880E-02                                      0.1839E+04
  0.3840E-02                                      0.1825E+04
  0.4800E-02                                      0.1808E+04
  0.5760E-02                                      0.1786E+04
  0.6719E-02                                      0.1761E+04
  0.7679E-02                                      0.1733E+04
  0.8639E-02                                      0.1702E+04
  0.9599E-02                                      0.1668E+04
  0.1056E-01  0.1596E+04  0.1728E+02  0.1631E+04  0.1631E+04
  0.1148E-01  0.1569E+04  0.4925E+02  0.1593E+04  0.1593E+04
  0.1241E-01  0.1563E+04  0.2551E+02  0.1554E+04  0.1554E+04
  0.1334E-01  0.1545E+04  0.1931E+02  0.1512E+04  0.1512E+04
  0.1426E-01  0.1467E+04  0.2228E+02  0.1469E+04  0.1469E+04
  0.1519E-01  0.1445E+04  0.2417E+02  0.1425E+04  0.1425E+04
  0.1611E-01  0.1419E+04  0.1879E+02  0.1380E+04  0.1380E+04
  0.1704E-01  0.1354E+04  0.1485E+02  0.1334E+04  0.1334E+04
  0.1796E-01  0.1299E+04  0.1242E+02  0.1288E+04  0.1288E+04
  0.1889E-01  0.1247E+04  0.1010E+02  0.1242E+04  0.1242E+04
  0.1981E-01  0.1212E+04  0.8788E+01  0.1195E+04  0.1195E+04
  0.2074E-01  0.1170E+04  0.7696E+01  0.1149E+04  0.1149E+04
  0.2167E-01  0.1097E+04  0.6973E+01  0.1103E+04  0.1103E+04
  0.2259E-01  0.1063E+04  0.6398E+01  0.1057E+04  0.1057E+04
  0.2352E-01  0.1020E+04  0.5755E+01  0.1013E+04  0.1013E+04
  0.2444E-01  0.9734E+03  0.5558E+01  0.9690E+03  0.9690E+03
  0.2537E-01  0.9269E+03  0.5278E+01  0.9263E+03  0.9263E+03
  0.2629E-01  0.8769E+03  0.4731E+01  0.8848E+03  0.8848E+03
  0.2722E-01  0.8417E+03  0.4607E+01  0.8445E+03  0.8445E+03
  0.2814E-01  0.8057E+03  0.4299E+01  0.8055E+03  0.8055E+03
  0.2907E-01  0.7716E+03  0.4205E+01  0.7680E+03  0.7680E+03
  0.3000E-01  0.7351E+03  0.3975E+01  0.7319E+03  0.7319E+03
  0.3092E-01  0.7076E+03  0.3910E+01  0.6974E+03  0.6974E+03
  0.3185E-01  0.6712E+03  0.3855E+01  0.6643E+03  0.6643E+03
  0.3277E-01  0.6388E+03  0.3636E+01  0.6328E+03  0.6328E+03
  0.3370E-01  0.6139E+03  0.3589E+01  0.6027E+03  0.6027E+03
  0.3462E-01  0.5813E+03  0.3393E+01  0.5742E+03  0.5742E+03
  0.3555E-01  0.5485E+03  0.3385E+01  0.5472E+03  0.5472E+03
  0.3647E-01  0.5203E+03  0.3363E+01  0.5216E+03  0.5216E+03
  0.3740E-01  0.5049E+03  0.3244E+01  0.4973E+03  0.4973E+03
  0.3833E-01  0.4739E+03  0.3107E+01  0.4744E+03  0.4744E+03
  0.3925E-01  0.4582E+03  0.3046E+01  0.4528E+03  0.4528E+03
  0.4018E-01  0.4403E+03  0.2960E+01  0.4324E+03  0.4324E+03
  0.4110E-01  0.4192E+03  0.2815E+01  0.4132E+03  0.4132E+03
  0.4203E-01  0.3972E+03  0.2738E+01  0.3950E+03  0.3950E+03
  0.4295E-01  0.3756E+03  0.2846E+01  0.3779E+03  0.3779E+03
  0.4388E-01  0.3590E+03  0.2789E+01  0.3618E+03  0.3618E+03
  0.4480E-01  0.3485E+03  0.2853E+01  0.3466E+03  0.3466E+03
  0.4573E-01  0.3354E+03  0.2893E+01  0.3322E+03  0.3322E+03
  0.4666E-01  0.3170E+03  0.2691E+01  0.3186E+03  0.3186E+03
  0.4758E-01  0.3028E+03  0.2657E+01  0.3057E+03  0.3057E+03
  0.4851E-01  0.2932E+03  0.2526E+01  0.2935E+03  0.2935E+03
  0.4943E-01  0.2851E+03  0.2480E+01  0.2820E+03  0.2820E+03
  0.5036E-01  0.2717E+03  0.2375E+01  0.2710E+03  0.2710E+03
  0.5128E-01  0.2586E+03  0.2363E+01  0.2606E+03  0.2606E+03
  0.5221E-01  0.2522E+03  0.2516E+01  0.2507E+03  0.2507E+03
  0.5313E-01  0.2392E+03  0.2226E+01  0.2413E+03  0.2413E+03
  0.5406E-01  0.2280E+03  0.2200E+01  0.2323E+03  0.2323E+03
  0.5499E-01  0.2226E+03  0.2172E+01  0.2238E+03  0.2238E+03
  0.5591E-01  0.2160E+03  0.2179E+01  0.2157E+03  0.2157E+03
  0.5684E-01  0.2093E+03  0.2133E+01  0.2080E+03  0.2080E+03
  0.5776E-01  0.2020E+03  0.2106E+01  0.2006E+03  0.2006E+03
  0.5869E-01  0.1919E+03  0.2150E+01  0.1936E+03  0.1936E+03
  0.5961E-01  0.1848E+03  0.2135E+01  0.1869E+03  0.1869E+03
  0.6054E-01  0.1819E+03  0.2169E+01  0.1806E+03  0.1806E+03
  0.6146E-01  0.1732E+03  0.2083E+01  0.1745E+03  0.1745E+03
  0.6239E-01  0.1658E+03  0.2154E+01  0.1688E+03  0.1688E+03
  0.6332E-01  0.1651E+03  0.2098E+01  0.1634E+03  0.1634E+03
  0.6424E-01  0.1581E+03  0.1993E+01  0.1582E+03  0.1582E+03
  0.6517E-01  0.1537E+03  0.1979E+01  0.1533E+03  0.1533E+03
  0.6609E-01  0.1441E+03  0.1919E+01  0.1486E+03  0.1486E+03
  0.6702E-01  0.1424E+03  0.1930E+01  0.1442E+03  0.1442E+03
  0.6794E-01  0.1387E+03  0.1883E+01  0.1400E+03  0.1400E+03
  0.6887E-01  0.1363E+03  0.1819E+01  0.1360E+03  0.1360E+03
  0.6980E-01  0.1349E+03  0.1871E+01  0.1323E+03  0.1323E+03
  0.7072E-01  0.1339E+03  0.1871E+01  0.1287E+03  0.1287E+03
  0.7165E-01  0.1264E+03  0.1863E+01  0.1253E+03  0.1253E+03
  0.7257E-01  0.1226E+03  0.1843E+01  0.1220E+03  0.1220E+03
  0.7350E-01  0.1203E+03  0.1864E+01  0.1190E+03  0.1190E+03
  0.7442E-01  0.1158E+03  0.1859E+01  0.1160E+03  0.1160E+03
  0.7535E-01  0.1160E+03  0.1883E+01  0.1132E+03  0.1132E+03
  0.7627E-01  0.1096E+03  0.1869E+01  0.1105E+03  0.1105E+03
  0.7720E-01  0.1087E+03  0.1828E+01  0.1079E+03  0.1079E+03
  0.7813E-01  0.1024E+03  0.1808E+01  0.1054E+03  0.1054E+03
  0.7905E-01  0.1003E+03  0.1749E+01  0.1030E+03  0.1030E+03
  0.7998E-01  0.9823E+02  0.1707E+01  0.1006E+03  0.1006E+03
  0.8090E-01  0.9760E+02  0.1712E+01  0.9836E+02  0.9836E+02
  0.8183E-01  0.9331E+02  0.1717E+01  0.9614E+02  0.9614E+02
  0.8275E-01  0.9186E+02  0.1689E+01  0.9397E+02  0.9397E+02
  0.8368E-01  0.9326E+02  0.1664E+01  0.9186E+02  0.9186E+02
  0.8460E-01  0.9313E+02  0.1685E+01  0.8978E+02  0.8978E+02
  0.8553E-01  0.8889E+02  0.3704E+01  0.8775E+02  0.8775E+02
  0.8646E-01  0.8630E+02  0.3836E+01  0.8576E+02  0.8576E+02
  0.8738E-01  0.8489E+02  0.3017E+01  0.8380E+02  0.8380E+02
  0.8831E-01  0.8490E+02  0.1673E+01  0.8188E+02  0.8188E+02
  0.8923E-01  0.8354E+02  0.1702E+01  0.8000E+02  0.8000E+02
  0.9016E-01  0.8133E+02  0.1685E+01  0.7815E+02  0.7815E+02
  0.9108E-01  0.7706E+02  0.1637E+01  0.7634E+02  0.7634E+02
  0.9201E-01  0.7335E+02  0.1631E+01  0.7457E+02  0.7457E+02
  0.9293E-01  0.7483E+02  0.1579E+01  0.7284E+02  0.7284E+02
  0.9386E-01  0.7151E+02  0.1590E+01  0.7114E+02  0.7114E+02
  0.9479E-01  0.6856E+02  0.1542E+01  0.6950E+02  0.6950E+02
  0.9571E-01  0.6656E+02  0.1546E+01  0.6789E+02  0.6789E+02
  0.9664E-01  0.6552E+02  0.1522E+01  0.6633E+02  0.6633E+02
  0.9756E-01  0.6300E+02  0.1521E+01  0.6481E+02  0.6481E+02
  0.9849E-01  0.6188E+02  0.1572E+01  0.6335E+02  0.6335E+02
  0.9941E-01  0.6290E+02  0.1523E+01  0.6192E+02  0.6192E+02
  0.1003E+00  0.6282E+02  0.1535E+01  0.6054E+02  0.6054E+02
  0.1013E+00  0.6065E+02  0.1542E+01  0.5921E+02  0.5921E+02
  0.1022E+00  0.5791E+02  0.1531E+01  0.5792E+02  0.5792E+02
  0.1031E+00  0.5760E+02  0.1529E+01  0.5668E+02  0.5668E+02
  0.1040E+00  0.5350E+02  0.1502E+01  0.5547E+02  0.5547E+02
  0.1050E+00  0.5270E+02  0.1520E+01  0.5431E+02  0.5431E+02
  0.1059E+00  0.5340E+02  0.1507E+01  0.5318E+02  0.5318E+02
  0.1068E+00  0.5361E+02  0.1466E+01  0.5209E+02  0.5209E+02
  0.1077E+00  0.5597E+02  0.1445E+01  0.5103E+02  0.5103E+02
  0.1087E+00  0.5292E+02  0.1420E+01  0.5000E+02  0.5000E+02
  0.1096E+00  0.5011E+02  0.1436E+01  0.4900E+02  0.4900E+02
  0.1105E+00  0.4755E+02  0.1410E+01  0.4803E+02  0.4803E+02
  0.1114E+00  0.4655E+02  0.1383E+01  0.4708E+02  0.4708E+02
  0.1124E+00  0.4763E+02  0.1380E+01  0.4615E+02  0.4615E+02
  0.1133E+00  0.4447E+02  0.1379E+01  0.4524E+02  0.4524E+02
  0.1142E+00  0.4263E+02  0.1399E+01  0.4435E+02  0.4435E+02
  0.1151E+00  0.4175E+02  0.1387E+01  0.4348E+02  0.4348E+02
  0.1161E+00  0.4168E+02  0.1389E+01  0.4262E+02  0.4262E+02
  0.1170E+00  0.4070E+02  0.1406E+01  0.4177E+02  0.4177E+02
  0.1179E+00  0.3741E+02  0.1388E+01  0.4094E+02  0.4094E+02
  0.1188E+00  0.4012E+02  0.1395E+01  0.4012E+02  0.4012E+02
  0.1198E+00  0.3889E+02  0.1380E+01  0.3932E+02  0.3932E+02
  0.1207E+00  0.3710E+02  0.1378E+01  0.3852E+02  0.3852E+02
  0.1216E+00  0.3890E+02  0.1359E+01  0.3774E+02  0.3774E+02
  0.1226E+00  0.3830E+02  0.1343E+01  0.3697E+02  0.3697E+02
  0.1235E+00  0.3656E+02  0.1330E+01  0.3622E+02  0.3622E+02
  0.1244E+00  0.3776E+02  0.1305E+01  0.3548E+02  0.3548E+02
  0.1253E+00  0.3673E+02  0.1320E+01  0.3475E+02  0.3475E+02
  0.1263E+00  0.3426E+02  0.1327E+01  0.3404E+02  0.3404E+02
  0.1272E+00  0.3351E+02  0.1323E+01  0.3335E+02  0.3335E+02
  0.1281E+00  0.3394E+02  0.1298E+01  0.3267E+02  0.3267E+02
  0.1290E+00  0.3265E+02  0.1309E+01  0.3201E+02  0.3201E+02
  0.1300E+00  0.3142E+02  0.1298E+01  0.3137E+02  0.3137E+02
  0.1309E+00  0.2920E+02  0.1283E+01  0.3074E+02  0.3074E+02
  0.1318E+00  0.3056E+02  0.1307E+01  0.3014E+02  0.3014E+02
  0.1327E+00  0.3038E+02  0.1304E+01  0.2955E+02  0.2955E+02
  0.1337E+00  0.2936E+02  0.1306E+01  0.2898E+02  0.2898E+02
  0.1346E+00  0.2813E+02  0.1288E+01  0.2842E+02  0.2842E+02
  0.1355E+00  0.2877E+02  0.1292E+01  0.2788E+02  0.2788E+02
  0.1364E+00  0.2650E+02  0.1313E+01  0.2736E+02  0.2736E+02
  0.1374E+00  0.2481E+02  0.1315E+01  0.2685E+02  0.2685E+02
  0.1383E+00  0.2455E+02  0.1282E+01  0.2636E+02  0.2636E+02
  0.1392E+00  0.2497E+02  0.1276E+01  0.2588E+02  0.2588E+02
  0.1401E+00  0.2554E+02  0.1269E+01  0.2541E+02  0.2541E+02
  0.1411E+00  0.2612E+02  0.1261E+01  0.2496E+02  0.2496E+02
  0.1420E+00  0.2684E+02  0.1254E+01  0.2451E+02  0.2451E+02
  0.1429E+00  0.2365E+02  0.1518E+01  0.2407E+02  0.2407E+02
  0.1438E+00  0.2536E+02  0.1299E+01  0.2365E+02  0.2365E+02
  0.1448E+00  0.2267E+02  0.1229E+01  0.2323E+02  0.2323E+02
  0.1457E+00  0.2330E+02  0.1275E+01  0.2281E+02  0.2281E+02
  0.1466E+00  0.2358E+02  0.1244E+01  0.2241E+02  0.2241E+02
  0.1475E+00  0.2094E+02  0.1232E+01  0.2201E+02  0.2201E+02
  0.1485E+00  0.1855E+02  0.1216E+01  0.2161E+02  0.2161E+02
  0.1494E+00  0.1822E+02  0.1242E+01  0.2122E+02  0.2122E+02
  0.1503E+00  0.2244E+02  0.1215E+01  0.2083E+02  0.2083E+02
  0.1512E+00  0.2269E+02  0.1233E+01  0.2045E+02  0.2045E+02
  0.1522E+00  0.2219E+02  0.1242E+01  0.2007E+02  0.2007E+02
  0.1531E+00  0.2127E+02  0.1234E+01  0.1970E+02  0.1970E+02
  0.1540E+00  0.1929E+02  0.1240E+01  0.1933E+02  0.1933E+02
  0.1549E+00  0.1859E+02  0.1238E+01  0.1897E+02  0.1897E+02
  0.1559E+00  0.1896E+02  0.1223E+01  0.1861E+02  0.1861E+02
  0.1568E+00  0.1582E+02  0.1257E+01  0.1825E+02  0.1825E+02
  0.1577E+00  0.1704E+02  0.1231E+01  0.1790E+02  0.1790E+02
  0.1586E+00  0.1564E+02  0.1237E+01  0.1756E+02  0.1756E+02
  0.1596E+00  0.1523E+02  0.1188E+01  0.1722E+02  0.1722E+02
  0.1605E+00  0.1884E+02  0.1194E+01  0.1689E+02  0.1689E+02
  0.1614E+00  0.1763E+02  0.1195E+01  0.1657E+02  0.1657E+02
  0.1624E+00  0.1538E+02  0.1175E+01  0.1625E+02  0.1625E+02
  0.1633E+00  0.1558E+02  0.1180E+01  0.1594E+02  0.1594E+02
  0.1642E+00  0.1504E+02  0.1169E+01  0.1564E+02  0.1564E+02
  0.1651E+00  0.1801E+02  0.1180E+01  0.1535E+02  0.1535E+02
  0.1661E+00  0.1688E+02  0.1165E+01  0.1506E+02  0.1506E+02
  0.1670E+00  0.1722E+02  0.1148E+01  0.1478E+02  0.1478E+02
  0.1679E+00  0.1605E+02  0.1155E+01  0.1450E+02  0.1450E+02
  0.1688E+00  0.1558E+02  0.1154E+01  0.1423E+02  0.1423E+02
  0.1698E+00  0.1646E+02  0.1173E+01  0.1397E+02  0.1397E+02
  0.1707E+00  0.1369E+02  0.1156E+01  0.1372E+02  0.1372E+02
  0.1716E+00  0.1369E+02  0.1147E+01  0.1347E+02  0.1347E+02
  0.1725E+00  0.1213E+02  0.1166E+01  0.1323E+02  0.1323E+02
  0.1735E+00  0.1129E+02  0.1159E+01  0.1299E+02  0.1299E+02
  0.1744E+00  0.1138E+02  0.1169E+01  0.1276E+02  0.1276E+02
  0.1753E+00  0.1074E+02  0.1150E+01  0.1253E+02  0.1253E+02
  0.1762E+00  0.1028E+02  0.1167E+01  0.1231E+02  0.1231E+02
  0.1772E+00  0.1085E+02  0.1162E+01  0.1209E+02  0.1209E+02
  0.1781E+00  0.1095E+02  0.1142E+01  0.1188E+02  0.1188E+02
  0.1790E+00  0.9453E+01  0.1140E+01  0.1167E+02  0.1167E+02
  0.1799E+00  0.8259E+01  0.1134E+01  0.1147E+02  0.1147E+02
  0.1809E+00  0.1052E+02  0.1146E+01  0.1127E+02  0.1127E+02
  0.1818E+00  0.1020E+02  0.1134E+01  0.1108E+02  0.1108E+02
  0.1827E+00  0.9874E+01  0.1118E+01  0.1089E+02  0.1089E+02
  0.1836E+00  0.9386E+01  0.1113E+01  0.1071E+02  0.1071E+02
  0.1846E+00  0.1074E+02  0.1112E+01  0.1053E+02  0.1053E+02
  0.1855E+00  0.7196E+01  0.1109E+01  0.1036E+02  0.1036E+02
  0.1864E+00  0.6440E+01  0.1109E+01  0.1019E+02  0.1019E+02
  0.1873E+00  0.8715E+01  0.1098E+01  0.1003E+02  0.1003E+02
  0.1883E+00  0.7820E+01  0.1098E+01  0.9871E+01  0.9871E+01
  0.1892E+00  0.1076E+02  0.1105E+01  0.9721E+01  0.9721E+01
  0.1901E+00  0.9428E+01  0.1101E+01  0.9578E+01  0.9578E+01
  0.1910E+00  0.7269E+01  0.1085E+01  0.9440E+01  0.9440E+01
  0.1920E+00  0.8819E+01  0.1105E+01  0.9308E+01  0.9308E+01
  0.1929E+00  0.7739E+01  0.1082E+01  0.9183E+01  0.9183E+01
  0.1938E+00  0.9074E+01  0.1074E+01  0.9063E+01  0.9063E+01
  0.1947E+00  0.8599E+01  0.1082E+01  0.8950E+01  0.8950E+01
  0.1957E+00  0.8844E+01  0.1079E+01  0.8842E+01  0.8842E+01
  0.1966E+00  0.7614E+01  0.1088E+01  0.8740E+01  0.8740E+01
  0.1975E+00  0.8912E+01  0.1066E+01  0.8642E+01  0.8642E+01
  0.1984E+00  0.7447E+01  0.1066E+01  0.8549E+01  0.8549E+01
  0.1994E+00  0.6101E+01  0.1078E+01  0.8461E+01  0.8461E+01
  0.2003E+00  0.7942E+01  0.1077E+01  0.8377E+01  0.8377E+01
  0.2012E+00  0.8929E+01  0.1089E+01  0.8296E+01  0.8296E+01
  0.2021E+00  0.7954E+01  0.1069E+01  0.8218E+01  0.8218E+01
  0.2031E+00  0.8427E+01  0.1067E+01  0.8143E+01  0.8143E+01
  0.2040E+00  0.5870E+01  0.1071E+01  0.8070E+01  0.8070E+01
  0.2049E+00  0.7804E+01  0.1066E+01  0.7999E+01  0.7999E+01
  0.2059E+00  0.6180E+01  0.1061E+01  0.7929E+01  0.7929E+01
  0.2068E+00  0.8826E+01  0.1053E+01  0.7860E+01  0.7860E+01
  0.2077E+00  0.6867E+01  0.1064E+01  0.7792E+01  0.7792E+01
  0.2086E+00  0.8166E+01  0.1051E+01  0.7724E+01  0.7724E+01
  0.2096E+00  0.6590E+01  0.1040E+01  0.7656E+01  0.7656E+01
  0.2105E+00  0.6878E+01  0.1048E+01  0.7588E+01  0.7588E+01
  0.2114E+00  0.6512E+01  0.1038E+01  0.7520E+01  0.7520E+01

           Distance distribution  function of particle  


       R          P(R)      ERROR

  0.0000E+00  0.0000E+00  0.0000E+00
  0.1991E+01  0.6070E-01  0.7537E-03
  0.3982E+01  0.1349E+00  0.1102E-02
  0.5973E+01  0.2211E+00  0.1121E-02
  0.7964E+01  0.3168E+00  0.9452E-03
  0.9955E+01  0.4190E+00  0.8218E-03
  0.1195E+02  0.5244E+00  0.9982E-03
  0.1394E+02  0.6294E+00  0.1360E-02
  0.1593E+02  0.7308E+00  0.1699E-02
  0.1792E+02  0.8256E+00  0.1911E-02
  0.1991E+02  0.9118E+00  0.1971E-02
  0.2190E+02  0.9881E+00  0.1911E-02
  0.2389E+02  0.1054E+01  0.1808E-02
  0.2588E+02  0.1109E+01  0.1769E-02
  0.2787E+02  0.1155E+01  0.1863E-02
  0.2986E+02  0.1193E+01  0.2064E-02
  0.3186E+02  0.1225E+01  0.2287E-02
  0.3385E+02  0.1252E+01  0.2458E-02
  0.3584E+02  0.1277E+01  0.2541E-02
  0.3783E+02  0.1300E+01  0.2541E-02
  0.3982E+02  0.1322E+01  0.2493E-02
  0.4181E+02  0.1345E+01  0.2450E-02
  0.4380E+02  0.1367E+01  0.2463E-02
  0.4579E+02  0.1388E+01  0.2559E-02
  0.4778E+02  0.1409E+01  0.2732E-02
  0.4977E+02  0.1427E+01  0.2956E-02
  0.5177E+02  0.1443E+01  0.3209E-02
  0.5376E+02  0.1454E+01  0.3470E-02
  0.5575E+02  0.1462E+01  0.3722E-02
  0.5774E+02  0.1464E+01  0.3949E-02
  0.5973E+02  0.1463E+01  0.4129E-02
  0.6172E+02  0.1456E+01  0.4245E-02
  0.6371E+02  0.1446E+01  0.4290E-02
  0.6570E+02  0.1433E+01  0.4273E-02
  0.6769E+02  0.1417E+01  0.4219E-02
  0.6969E+02  0.1399E+01  0.4167E-02
  0.7168E+02  0.1380E+01  0.4156E-02
  0.7367E+02  0.1360E+01  0.4212E-02
  0.7566E+02  0.1339E+01  0.4330E-02
  0.7765E+02  0.1317E+01  0.4488E-02
  0.7964E+02  0.1295E+01  0.4652E-02
  0.8163E+02  0.1272E+01  0.4797E-02
  0.8362E+02  0.1247E+01  0.4910E-02
  0.8561E+02  0.1220E+01  0.4992E-02
  0.8760E+02  0.1192E+01  0.5050E-02
  0.8959E+02  0.1161E+01  0.5092E-02
  0.9159E+02  0.1129E+01  0.5122E-02
  0.9358E+02  0.1095E+01  0.5138E-02
  0.9557E+02  0.1059E+01  0.5141E-02
  0.9756E+02  0.1022E+01  0.5130E-02
  0.9955E+02  0.9842E+00  0.5111E-02
  0.1015E+03  0.9465E+00  0.5093E-02
  0.1035E+03  0.9091E+00  0.5084E-02
  0.1055E+03  0.8725E+00  0.5088E-02
  0.1075E+03  0.8371E+00  0.5104E-02
  0.1095E+03  0.8029E+00  0.5128E-02
  0.1115E+03  0.7700E+00  0.5159E-02
  0.1135E+03  0.7386E+00  0.5201E-02
  0.1155E+03  0.7083E+00  0.5262E-02
  0.1175E+03  0.6791E+00  0.5349E-02
  0.1195E+03  0.6507E+00  0.5464E-02
  0.1215E+03  0.6229E+00  0.5599E-02
  0.1234E+03  0.5956E+00  0.5739E-02
  0.1254E+03  0.5688E+00  0.5866E-02
  0.1274E+03  0.5423E+00  0.5967E-02
  0.1294E+03  0.5163E+00  0.6037E-02
  0.1314E+03  0.4908E+00  0.6080E-02
  0.1334E+03  0.4660E+00  0.6109E-02
  0.1354E+03  0.4421E+00  0.6136E-02
  0.1374E+03  0.4191E+00  0.6175E-02
  0.1394E+03  0.3974E+00  0.6231E-02
  0.1414E+03  0.3769E+00  0.6303E-02
  0.1434E+03  0.3576E+00  0.6390E-02
  0.1453E+03  0.3397E+00  0.6489E-02
  0.1473E+03  0.3229E+00  0.6596E-02
  0.1493E+03  0.3071E+00  0.6713E-02
  0.1513E+03  0.2922E+00  0.6839E-02
  0.1533E+03  0.2779E+00  0.6972E-02
  0.1553E+03  0.2641E+00  0.7108E-02
  0.1573E+03  0.2506E+00  0.7243E-02
  0.1593E+03  0.2372E+00  0.7369E-02
  0.1613E+03  0.2238E+00  0.7479E-02
  0.1633E+03  0.2104E+00  0.7567E-02
  0.1653E+03  0.1969E+00  0.7626E-02
  0.1672E+03  0.1834E+00  0.7649E-02
  0.1692E+03  0.1699E+00  0.7629E-02
  0.1712E+03  0.1566E+00  0.7562E-02
  0.1732E+03  0.1436E+00  0.7441E-02
  0.1752E+03  0.1311E+00  0.7265E-02
  0.1772E+03  0.1189E+00  0.7035E-02
  0.1792E+03  0.1073E+00  0.6750E-02
  0.1812E+03  0.9629E-01  0.6411E-02
  0.1832E+03  0.8570E-01  0.6019E-02
  0.1852E+03  0.7548E-01  0.5568E-02
  0.1872E+03  0.6549E-01  0.5053E-02
  0.1891E+03  0.5554E-01  0.4463E-02
  0.1911E+03  0.4545E-01  0.3787E-02
  0.1931E+03  0.3502E-01  0.3014E-02
  0.1951E+03  0.2405E-01  0.2132E-02
  0.1971E+03  0.1242E-01  0.1130E-02
  0.1991E+03  0.0000E+00  0.0000E+00
          Reciprocal space: Rg =   59.20     , I(0) =   0.1857E+04
     Real space: Rg =   59.48 +- 0.198  I(0) =   0.1857E+04 +-  0.7041E+01
